<?xml version="1.0" encoding="UTF-8"?>
<testsuite xmlns:xsi="http://www.w3.org/2001/XMLSchema-instance" xsi:noNamespaceSchemaLocation="https://maven.apache.org/surefire/maven-surefire-plugin/xsd/surefire-test-report.xsd" name="com.example.AppTest" time="0.023" tests="1" errors="0" skipped="0" failures="0">
  <properties>
    <property name="java.specification.version" value="17"/>
    <property name="sun.cpu.isalist" value="amd64"/>
    <property name="sun.jnu.encoding" value="Cp1252"/>
    <property name="java.class.path" value="D:\java\projet\demo\target\test-classes;D:\java\projet\demo\target\classes;C:\Users\Dhaker Achour\.m2\repository\junit\junit\4.11\junit-4.11.jar;C:\Users\Dhaker Achour\.m2\repository\org\hamcrest\hamcrest-core\1.3\hamcrest-core-1.3.jar;C:\Users\Dhaker Achour\.m2\repository\org\camunda\bpm\camunda-engine\7.17.0\camunda-engine-7.17.0.jar;C:\Users\Dhaker Achour\.m2\repository\org\camunda\bpm\model\camunda-bpmn-model\7.17.0\camunda-bpmn-model-7.17.0.jar;C:\Users\Dhaker Achour\.m2\repository\org\camunda\bpm\model\camunda-xml-model\7.17.0\camunda-xml-model-7.17.0.jar;C:\Users\Dhaker Achour\.m2\repository\org\camunda\bpm\model\camunda-cmmn-model\7.17.0\camunda-cmmn-model-7.17.0.jar;C:\Users\Dhaker Achour\.m2\repository\org\camunda\bpm\dmn\camunda-engine-dmn\7.17.0\camunda-engine-dmn-7.17.0.jar;C:\Users\Dhaker Achour\.m2\repository\org\camunda\commons\camunda-commons-utils\1.10.0\camunda-commons-utils-1.10.0.jar;C:\Users\Dhaker Achour\.m2\repository\org\camunda\bpm\model\camunda-dmn-model\7.17.0\camunda-dmn-model-7.17.0.jar;C:\Users\Dhaker Achour\.m2\repository\org\camunda\bpm\dmn\camunda-engine-feel-api\7.17.0\camunda-engine-feel-api-7.17.0.jar;C:\Users\Dhaker Achour\.m2\repository\org\camunda\bpm\dmn\camunda-engine-feel-juel\7.17.0\camunda-engine-feel-juel-7.17.0.jar;C:\Users\Dhaker Achour\.m2\repository\org\camunda\bpm\dmn\camunda-engine-feel-scala\7.17.0\camunda-engine-feel-scala-7.17.0.jar;C:\Users\Dhaker Achour\.m2\repository\org\camunda\feel\feel-engine\1.13.3\feel-engine-1.13.3-scala-shaded.jar;C:\Users\Dhaker Achour\.m2\repository\org\camunda\commons\camunda-commons-logging\1.10.0\camunda-commons-logging-1.10.0.jar;C:\Users\Dhaker Achour\.m2\repository\org\camunda\commons\camunda-commons-typed-values\7.17.0\camunda-commons-typed-values-7.17.0.jar;C:\Users\Dhaker Achour\.m2\repository\org\mybatis\mybatis\3.5.6\mybatis-3.5.6.jar;C:\Users\Dhaker Achour\.m2\repository\org\springframework\spring-beans\5.2.19.RELEASE\spring-beans-5.2.19.RELEASE.jar;C:\Users\Dhaker Achour\.m2\repository\org\springframework\spring-core\5.2.19.RELEASE\spring-core-5.2.19.RELEASE.jar;C:\Users\Dhaker Achour\.m2\repository\org\springframework\spring-jcl\5.2.19.RELEASE\spring-jcl-5.2.19.RELEASE.jar;C:\Users\Dhaker Achour\.m2\repository\joda-time\joda-time\2.1\joda-time-2.1.jar;C:\Users\Dhaker Achour\.m2\repository\org\camunda\connect\camunda-connect-core\1.5.2\camunda-connect-core-1.5.2.jar;C:\Users\Dhaker Achour\.m2\repository\org\camunda\connect\camunda-connect-connectors-all\1.5.2\camunda-connect-connectors-all-1.5.2.jar;C:\Users\Dhaker Achour\.m2\repository\org\slf4j\slf4j-api\1.7.32\slf4j-api-1.7.32.jar;C:\Users\Dhaker Achour\.m2\repository\com\sun\mail\javax.mail\1.6.2\javax.mail-1.6.2.jar;C:\Users\Dhaker Achour\.m2\repository\javax\activation\activation\1.1\activation-1.1.jar;C:\Users\Dhaker Achour\.m2\repository\javax\servlet\javax.servlet-api\4.0.1\javax.servlet-api-4.0.1.jar;C:\Users\Dhaker Achour\.m2\repository\com\h2database\h2\2.1.214\h2-2.1.214.jar;C:\Users\Dhaker Achour\.m2\repository\ch\qos\logback\logback-classic\1.2.11\logback-classic-1.2.11.jar;C:\Users\Dhaker Achour\.m2\repository\ch\qos\logback\logback-core\1.2.11\logback-core-1.2.11.jar;"/>
    <property name="java.vm.vendor" value="Oracle Corporation"/>
    <property name="sun.arch.data.model" value="64"/>
    <property name="user.variant" value=""/>
    <property name="java.vendor.url" value="https://java.oracle.com/"/>
    <property name="user.timezone" value="Africa/Tunis"/>
    <property name="user.country.format" value="TN"/>
    <property name="os.name" value="Windows 10"/>
    <property name="java.vm.specification.version" value="17"/>
    <property name="sun.java.launcher" value="SUN_STANDARD"/>
    <property name="user.country" value="FR"/>
    <property name="sun.boot.library.path" value="C:\Program Files\Java\jdk-17.0.4\bin"/>
    <property name="sun.java.command" value="C:\Users\DHAKER~1\AppData\Local\Temp\surefire9956805749296063515\surefirebooter6030336163116695285.jar C:\Users\Dhaker Achour\AppData\Local\Temp\surefire9956805749296063515 2024-12-03T20-46-10_995-jvmRun1 surefire10331886316242582680tmp surefire_016089027285332568412tmp"/>
    <property name="jdk.debug" value="release"/>
    <property name="surefire.test.class.path" value="D:\java\projet\demo\target\test-classes;D:\java\projet\demo\target\classes;C:\Users\Dhaker Achour\.m2\repository\junit\junit\4.11\junit-4.11.jar;C:\Users\Dhaker Achour\.m2\repository\org\hamcrest\hamcrest-core\1.3\hamcrest-core-1.3.jar;C:\Users\Dhaker Achour\.m2\repository\org\camunda\bpm\camunda-engine\7.17.0\camunda-engine-7.17.0.jar;C:\Users\Dhaker Achour\.m2\repository\org\camunda\bpm\model\camunda-bpmn-model\7.17.0\camunda-bpmn-model-7.17.0.jar;C:\Users\Dhaker Achour\.m2\repository\org\camunda\bpm\model\camunda-xml-model\7.17.0\camunda-xml-model-7.17.0.jar;C:\Users\Dhaker Achour\.m2\repository\org\camunda\bpm\model\camunda-cmmn-model\7.17.0\camunda-cmmn-model-7.17.0.jar;C:\Users\Dhaker Achour\.m2\repository\org\camunda\bpm\dmn\camunda-engine-dmn\7.17.0\camunda-engine-dmn-7.17.0.jar;C:\Users\Dhaker Achour\.m2\repository\org\camunda\commons\camunda-commons-utils\1.10.0\camunda-commons-utils-1.10.0.jar;C:\Users\Dhaker Achour\.m2\repository\org\camunda\bpm\model\camunda-dmn-model\7.17.0\camunda-dmn-model-7.17.0.jar;C:\Users\Dhaker Achour\.m2\repository\org\camunda\bpm\dmn\camunda-engine-feel-api\7.17.0\camunda-engine-feel-api-7.17.0.jar;C:\Users\Dhaker Achour\.m2\repository\org\camunda\bpm\dmn\camunda-engine-feel-juel\7.17.0\camunda-engine-feel-juel-7.17.0.jar;C:\Users\Dhaker Achour\.m2\repository\org\camunda\bpm\dmn\camunda-engine-feel-scala\7.17.0\camunda-engine-feel-scala-7.17.0.jar;C:\Users\Dhaker Achour\.m2\repository\org\camunda\feel\feel-engine\1.13.3\feel-engine-1.13.3-scala-shaded.jar;C:\Users\Dhaker Achour\.m2\repository\org\camunda\commons\camunda-commons-logging\1.10.0\camunda-commons-logging-1.10.0.jar;C:\Users\Dhaker Achour\.m2\repository\org\camunda\commons\camunda-commons-typed-values\7.17.0\camunda-commons-typed-values-7.17.0.jar;C:\Users\Dhaker Achour\.m2\repository\org\mybatis\mybatis\3.5.6\mybatis-3.5.6.jar;C:\Users\Dhaker Achour\.m2\repository\org\springframework\spring-beans\5.2.19.RELEASE\spring-beans-5.2.19.RELEASE.jar;C:\Users\Dhaker Achour\.m2\repository\org\springframework\spring-core\5.2.19.RELEASE\spring-core-5.2.19.RELEASE.jar;C:\Users\Dhaker Achour\.m2\repository\org\springframework\spring-jcl\5.2.19.RELEASE\spring-jcl-5.2.19.RELEASE.jar;C:\Users\Dhaker Achour\.m2\repository\joda-time\joda-time\2.1\joda-time-2.1.jar;C:\Users\Dhaker Achour\.m2\repository\org\camunda\connect\camunda-connect-core\1.5.2\camunda-connect-core-1.5.2.jar;C:\Users\Dhaker Achour\.m2\repository\org\camunda\connect\camunda-connect-connectors-all\1.5.2\camunda-connect-connectors-all-1.5.2.jar;C:\Users\Dhaker Achour\.m2\repository\org\slf4j\slf4j-api\1.7.32\slf4j-api-1.7.32.jar;C:\Users\Dhaker Achour\.m2\repository\com\sun\mail\javax.mail\1.6.2\javax.mail-1.6.2.jar;C:\Users\Dhaker Achour\.m2\repository\javax\activation\activation\1.1\activation-1.1.jar;C:\Users\Dhaker Achour\.m2\repository\javax\servlet\javax.servlet-api\4.0.1\javax.servlet-api-4.0.1.jar;C:\Users\Dhaker Achour\.m2\repository\com\h2database\h2\2.1.214\h2-2.1.214.jar;C:\Users\Dhaker Achour\.m2\repository\ch\qos\logback\logback-classic\1.2.11\logback-classic-1.2.11.jar;C:\Users\Dhaker Achour\.m2\repository\ch\qos\logback\logback-core\1.2.11\logback-core-1.2.11.jar;"/>
    <property name="sun.cpu.endian" value="little"/>
    <property name="user.home" value="C:\Users\Dhaker Achour"/>
    <property name="user.language" value="fr"/>
    <property name="java.specification.vendor" value="Oracle Corporation"/>
    <property name="java.version.date" value="2022-07-19"/>
    <property name="java.home" value="C:\Program Files\Java\jdk-17.0.4"/>
    <property name="file.separator" value="\"/>
    <property name="basedir" value="D:\java\projet\demo"/>
    <property name="java.vm.compressedOopsMode" value="Zero based"/>
    <property name="line.separator" value="&#10;"/>
    <property name="java.vm.specification.vendor" value="Oracle Corporation"/>
    <property name="java.specification.name" value="Java Platform API Specification"/>
    <property name="surefire.real.class.path" value="C:\Users\DHAKER~1\AppData\Local\Temp\surefire9956805749296063515\surefirebooter6030336163116695285.jar"/>
    <property name="user.script" value=""/>
    <property name="sun.management.compiler" value="HotSpot 64-Bit Tiered Compilers"/>
    <property name="java.runtime.version" value="17.0.4+11-LTS-179"/>
    <property name="user.name" value="Dhaker Achour"/>
    <property name="path.separator" value=";"/>
    <property name="os.version" value="10.0"/>
    <property name="java.runtime.name" value="Java(TM) SE Runtime Environment"/>
    <property name="file.encoding" value="Cp1252"/>
    <property name="java.vm.name" value="Java HotSpot(TM) 64-Bit Server VM"/>
    <property name="localRepository" value="C:\Users\Dhaker Achour\.m2\repository"/>
    <property name="java.vendor.url.bug" value="https://bugreport.java.com/bugreport/"/>
    <property name="java.io.tmpdir" value="C:\Users\DHAKER~1\AppData\Local\Temp\"/>
    <property name="java.version" value="17.0.4"/>
    <property name="user.dir" value="D:\java\projet\demo"/>
    <property name="os.arch" value="amd64"/>
    <property name="java.vm.specification.name" value="Java Virtual Machine Specification"/>
    <property name="sun.os.patch.level" value=""/>
    <property name="native.encoding" value="Cp1252"/>
    <property name="java.library.path" value="C:\Program Files\Java\jdk-17.0.4\bin;C:\Windows\Sun\Java\bin;C:\Windows\system32;C:\Windows;C:\Program Files\Common Files\Oracle\Java\javapath;C:\Program Files (x86)\Common Files\Oracle\Java\javapath;C:\Windows\system32;C:\Windows;C:\Windows\System32\Wbem;C:\Windows\System32\WindowsPowerShell\v1.0\;C:\Windows\System32\OpenSSH\;C:\Program Files\dotnet\;C:\Program Files (x86)\NVIDIA Corporation\PhysX\Common;C:\ProgramData\chocolatey\bin;C:\Program Files\nodejs\;C:\xampp\php;C:\composer;C:\xampp\redis\;C:\Program Files (x86)\Bitvise SSH Client;C:\Program Files\Git\cmd;C:\Program Files\MongoDB\Server\6.0;C:\Program Files\PuTTY\;C:\Users\Dhaker Achour\AppData\Local\Microsoft\WindowsApps;C:\Users\Dhaker Achour\AppData\Local\Programs\Microsoft VS Code\bin;C:\Users\Dhaker Achour\AppData\Local\GitHubDesktop\bin;D:\apache-maven-3.9.9\bin;;."/>
    <property name="java.vm.info" value="mixed mode, sharing"/>
    <property name="java.vendor" value="Oracle Corporation"/>
    <property name="java.vm.version" value="17.0.4+11-LTS-179"/>
    <property name="sun.io.unicode.encoding" value="UnicodeLittle"/>
    <property name="java.class.version" value="61.0"/>
  </properties>
  <testcase name="shouldAnswerWithTrue" classname="com.example.AppTest" time="0.001"/>
</testsuite>